app/build/intermediates/manifest_merge_blame_file/debug/processDebugMainManifest/manifest-merger-blame-debug-report.txt
1<?xml version="1.0" encoding="utf-8"?>
2<manifest xmlns:android="http://schemas.android.com/apk/res/android"
3    package="com.example.calculatorcourse"
4    android:versionCode="1"
5    android:versionName="1.0" >
6
7    <uses-sdk
8        android:minSdkVersion="26"
9        android:targetSdkVersion="35" />
10
11    <permission
11-->[androidx.core:core:1.16.0] AndroidManifest.xml:22:5-24:47
12        android:name="com.example.calculatorcourse.DYNAMIC_RECEIVER_NOT_EXPORTED_PERMISSION"
12-->[androidx.core:core:1.16.0] AndroidManifest.xml:23:9-81
13        android:protectionLevel="signature" />
13-->[androidx.core:core:1.16.0] AndroidManifest.xml:24:9-44
14
15    <uses-permission android:name="com.example.calculatorcourse.DYNAMIC_RECEIVER_NOT_EXPORTED_PERMISSION" />
15-->[androidx.core:core:1.16.0] AndroidManifest.xml:26:5-97
15-->[androidx.core:core:1.16.0] AndroidManifest.xml:26:22-94
16
17    <application
17-->src/main/AndroidManifest.xml:4:5-20:19
18        android:allowBackup="true"
18-->src/main/AndroidManifest.xml:5:9-35
19        android:appComponentFactory="androidx.core.app.CoreComponentFactory"
19-->[androidx.core:core:1.16.0] AndroidManifest.xml:28:18-86
20        android:debuggable="true"
21        android:extractNativeLibs="false"
22        android:icon="@mipmap/ic_launcher"
22-->src/main/AndroidManifest.xml:6:9-43
23        android:label="CalculatorCourse"
23-->src/main/AndroidManifest.xml:7:9-41
24        android:testOnly="true"
25        android:theme="@style/Theme.CalculatorCourse.Starting" >
25-->src/main/AndroidManifest.xml:8:9-63
26        <activity
26-->src/main/AndroidManifest.xml:10:9-18:20
27            android:name="com.example.calculatorcourse.MainActivity"
27-->src/main/AndroidManifest.xml:11:13-41
28            android:exported="true"
28-->src/main/AndroidManifest.xml:12:13-36
29            android:theme="@style/Theme.CalculatorCourse.Starting" >
29-->src/main/AndroidManifest.xml:13:13-67
30            <intent-filter>
30-->src/main/AndroidManifest.xml:14:13-17:29
31                <action android:name="android.intent.action.MAIN" />
31-->src/main/AndroidManifest.xml:15:17-69
31-->src/main/AndroidManifest.xml:15:25-66
32
33                <category android:name="android.intent.category.LAUNCHER" />
33-->src/main/AndroidManifest.xml:16:17-77
33-->src/main/AndroidManifest.xml:16:27-74
34            </intent-filter>
35        </activity>
36        <activity
36-->[androidx.compose.ui:ui-tooling-android:1.10.5] AndroidManifest.xml:23:9-25:39
37            android:name="androidx.compose.ui.tooling.PreviewActivity"
37-->[androidx.compose.ui:ui-tooling-android:1.10.5] AndroidManifest.xml:24:13-71
38            android:exported="true" />
38-->[androidx.compose.ui:ui-tooling-android:1.10.5] AndroidManifest.xml:25:13-36
39
40        <provider
40-->[androidx.emoji2:emoji2:1.4.0] AndroidManifest.xml:24:9-32:20
41            android:name="androidx.startup.InitializationProvider"
41-->[androidx.emoji2:emoji2:1.4.0] AndroidManifest.xml:25:13-67
42            android:authorities="com.example.calculatorcourse.androidx-startup"
42-->[androidx.emoji2:emoji2:1.4.0] AndroidManifest.xml:26:13-68
43            android:exported="false" >
43-->[androidx.emoji2:emoji2:1.4.0] AndroidManifest.xml:27:13-37
44            <meta-data
44-->[androidx.emoji2:emoji2:1.4.0] AndroidManifest.xml:29:13-31:52
45                android:name="androidx.emoji2.text.EmojiCompatInitializer"
45-->[androidx.emoji2:emoji2:1.4.0] AndroidManifest.xml:30:17-75
46                android:value="androidx.startup" />
46-->[androidx.emoji2:emoji2:1.4.0] AndroidManifest.xml:31:17-49
47            <meta-data
47-->[androidx.lifecycle:lifecycle-process:2.9.4] AndroidManifest.xml:29:13-31:52
48                android:name="androidx.lifecycle.ProcessLifecycleInitializer"
48-->[androidx.lifecycle:lifecycle-process:2.9.4] AndroidManifest.xml:30:17-78
49                android:value="androidx.startup" />
49-->[androidx.lifecycle:lifecycle-process:2.9.4] AndroidManifest.xml:31:17-49
50            <meta-data
50-->[androidx.profileinstaller:profileinstaller:1.4.0] AndroidManifest.xml:29:13-31:52
51                android:name="androidx.profileinstaller.ProfileInstallerInitializer"
51-->[androidx.profileinstaller:profileinstaller:1.4.0] AndroidManifest.xml:30:17-85
52                android:value="androidx.startup" />
52-->[androidx.profileinstaller:profileinstaller:1.4.0] AndroidManifest.xml:31:17-49
53        </provider>
54
55        <uses-library
55-->[androidx.window:window:1.5.0] AndroidManifest.xml:23:9-25:40
56            android:name="androidx.window.extensions"
56-->[androidx.window:window:1.5.0] AndroidManifest.xml:24:13-54
57            android:required="false" />
57-->[androidx.window:window:1.5.0] AndroidManifest.xml:25:13-37
58        <uses-library
58-->[androidx.window:window:1.5.0] AndroidManifest.xml:26:9-28:40
59            android:name="androidx.window.sidecar"
59-->[androidx.window:window:1.5.0] AndroidManifest.xml:27:13-51
60            android:required="false" />
60-->[androidx.window:window:1.5.0] AndroidManifest.xml:28:13-37
61
62        <activity
62-->[androidx.compose.ui:ui-test-manifest:1.10.5] AndroidManifest.xml:23:9-26:79
63            android:name="androidx.activity.ComponentActivity"
63-->[androidx.compose.ui:ui-test-manifest:1.10.5] AndroidManifest.xml:24:13-63
64            android:exported="true"
64-->[androidx.compose.ui:ui-test-manifest:1.10.5] AndroidManifest.xml:25:13-36
65            android:theme="@android:style/Theme.Material.Light.NoActionBar" />
65-->[androidx.compose.ui:ui-test-manifest:1.10.5] AndroidManifest.xml:26:13-76
66
67        <receiver
67-->[androidx.profileinstaller:profileinstaller:1.4.0] AndroidManifest.xml:34:9-52:20
68            android:name="androidx.profileinstaller.ProfileInstallReceiver"
68-->[androidx.profileinstaller:profileinstaller:1.4.0] AndroidManifest.xml:35:13-76
69            android:directBootAware="false"
69-->[androidx.profileinstaller:profileinstaller:1.4.0] AndroidManifest.xml:36:13-44
70            android:enabled="true"
70-->[androidx.profileinstaller:profileinstaller:1.4.0] AndroidManifest.xml:37:13-35
71            android:exported="true"
71-->[androidx.profileinstaller:profileinstaller:1.4.0] AndroidManifest.xml:38:13-36
72            android:permission="android.permission.DUMP" >
72-->[androidx.profileinstaller:profileinstaller:1.4.0] AndroidManifest.xml:39:13-57
73            <intent-filter>
73-->[androidx.profileinstaller:profileinstaller:1.4.0] AndroidManifest.xml:40:13-42:29
74                <action android:name="androidx.profileinstaller.action.INSTALL_PROFILE" />
74-->[androidx.profileinstaller:profileinstaller:1.4.0] AndroidManifest.xml:41:17-91
74-->[androidx.profileinstaller:profileinstaller:1.4.0] AndroidManifest.xml:41:25-88
75            </intent-filter>
76            <intent-filter>
76-->[androidx.profileinstaller:profileinstaller:1.4.0] AndroidManifest.xml:43:13-45:29
77                <action android:name="androidx.profileinstaller.action.SKIP_FILE" />
77-->[androidx.profileinstaller:profileinstaller:1.4.0] AndroidManifest.xml:44:17-85
77-->[androidx.profileinstaller:profileinstaller:1.4.0] AndroidManifest.xml:44:25-82
78            </intent-filter>
79            <intent-filter>
79-->[androidx.profileinstaller:profileinstaller:1.4.0] AndroidManifest.xml:46:13-48:29
80                <action android:name="androidx.profileinstaller.action.SAVE_PROFILE" />
80-->[androidx.profileinstaller:profileinstaller:1.4.0] AndroidManifest.xml:47:17-88
80-->[androidx.profileinstaller:profileinstaller:1.4.0] AndroidManifest.xml:47:25-85
81            </intent-filter>
82            <intent-filter>
82-->[androidx.profileinstaller:profileinstaller:1.4.0] AndroidManifest.xml:49:13-51:29
83                <action android:name="androidx.profileinstaller.action.BENCHMARK_OPERATION" />
83-->[androidx.profileinstaller:profileinstaller:1.4.0] AndroidManifest.xml:50:17-95
83-->[androidx.profileinstaller:profileinstaller:1.4.0] AndroidManifest.xml:50:25-92
84            </intent-filter>
85        </receiver>
86    </application>
87
88</manifest>